  HelloTriangleApplication.cpp
HelloTriangleApplication.cpp(393): warning C4267: '=': conversion from 'size_t' to 'uint32_t', possible loss of data
HelloTriangleApplication.cpp(397): warning C4267: '=': conversion from 'size_t' to 'uint32_t', possible loss of data
HelloTriangleApplication.cpp(554): warning C4267: '=': conversion from 'size_t' to 'uint32_t', possible loss of data
HelloTriangleApplication.cpp(557): warning C4267: '=': conversion from 'size_t' to 'uint32_t', possible loss of data
HelloTriangleApplication.cpp(750): warning C4267: '=': conversion from 'size_t' to 'uint32_t', possible loss of data
HelloTriangleApplication.cpp(785): warning C4267: '=': conversion from 'size_t' to 'uint32_t', possible loss of data
HelloTriangleApplication.cpp(824): warning C4267: '=': conversion from 'size_t' to 'uint32_t', possible loss of data
HelloTriangleApplication.cpp(991): warning C4267: '=': conversion from 'size_t' to 'uint32_t', possible loss of data
HelloTriangleApplication.cpp(1090): warning C4996: 'strcpy': This function or variable may be unsafe. Consider using strcpy_s instead. To disable deprecation, use _CRT_SECURE_NO_WARNINGS. See online help for details.
  C:\Program Files (x86)\Windows Kits\10\Include\10.0.10240.0\ucrt\string.h(119): note: see declaration of 'strcpy'
HelloTriangleApplication.cpp(1351): warning C4267: '=': conversion from 'size_t' to 'int', possible loss of data
HelloTriangleApplication.cpp(1431): warning C4267: '=': conversion from 'size_t' to 'uint32_t', possible loss of data
HelloTriangleApplication.cpp(1483): warning C4267: 'argument': conversion from 'size_t' to 'uint32_t', possible loss of data
HelloTriangleApplication.cpp(1536): warning C4267: 'argument': conversion from 'size_t' to 'uint32_t', possible loss of data
HelloTriangleApplication.cpp(1568): warning C4267: '=': conversion from 'size_t' to 'uint32_t', possible loss of data
HelloTriangleApplication.cpp(1593): warning C4267: 'argument': conversion from 'size_t' to 'uint32_t', possible loss of data
HelloTriangleApplication.cpp(1658): warning C4305: 'initializing': truncation from 'double' to 'float'
  Generating code
  38 of 6632 functions ( 0.6%) were compiled, the rest were copied from previous compilation.
    0 functions were new in current compilation
    10 functions had inline decision re-evaluated but remain unchanged
  Finished generating code
  VulkanApp1.vcxproj -> C:\Users\Strigoy\documents\visual studio 2015\Projects\VulkanApp1\x64\Release\VulkanApp1.exe
